<?xml version="1.0" encoding="UTF-8"?>
<!-- Generated by org.testng.reporters.JUnitXMLReporter -->
<testsuite ignored="0" hostname="Ashu" failures="0" tests="3" name="Default test" time="22.995" errors="0" timestamp="2025-01-27T19:23:45 IST">
  <testcase classname="com.testCases.PaginationTests" name="checkProduct" time="10.255"/>
  <testcase classname="com.testCases.PaginationTests" name="getPriceofProduct" time="5.239"/>
  <testcase classname="com.testCases.PaginationTests" name="shadowDom" time="6.973"/>
</testsuite> <!-- Default test -->
