<?xml version="1.0" encoding="UTF-8"?>
<!-- Generated by org.testng.reporters.JUnitXMLReporter -->
<testsuite ignored="0" hostname="Ashu" failures="0" tests="3" name="Default test" time="24.235" errors="0" timestamp="2025-01-27T19:28:14 IST">
  <testcase classname="com.testCases.PaginationTests" name="checkProduct" time="11.441"/>
  <testcase classname="com.testCases.PaginationTests" name="getPriceofProduct" time="4.381"/>
  <testcase classname="com.testCases.PaginationTests" name="shadowDom" time="7.891"/>
</testsuite> <!-- Default test -->
