<?xml version="1.0" encoding="UTF-8"?>
<testng-results ignored="0" total="4" passed="3" failed="1" skipped="0">
  <reporter-output>
  </reporter-output>
  <suite started-at="2025-01-26T12:56:54 IST" name="Suite" finished-at="2025-01-26T12:57:11 IST" duration-ms="16780">
    <groups>
    </groups>
    <test started-at="2025-01-26T12:56:54 IST" name="Test" finished-at="2025-01-26T12:57:11 IST" duration-ms="16780">
      <class name="com.testCases.PaginationTests">
        <test-method signature="checkProduct()[pri:0, instance:com.testCases.PaginationTests@45ac5f9b]" started-at="2025-01-26T12:56:54 IST" name="checkProduct" finished-at="2025-01-26T12:57:05 IST" duration-ms="10867" status="PASS">
          <reporter-output>
          </reporter-output>
        </test-method> <!-- checkProduct -->
        <test-method is-config="true" signature="tearDown()[pri:0, instance:com.testCases.PaginationTests@45ac5f9b]" started-at="2025-01-26T12:57:05 IST" name="tearDown" finished-at="2025-01-26T12:57:05 IST" duration-ms="160" status="PASS">
          <reporter-output>
          </reporter-output>
        </test-method> <!-- tearDown -->
        <test-method signature="getPriceofProduct()[pri:0, instance:com.testCases.PaginationTests@45ac5f9b]" started-at="2025-01-26T12:57:05 IST" name="getPriceofProduct" finished-at="2025-01-26T12:57:10 IST" duration-ms="5277" status="FAIL">
          <exception class="java.lang.AssertionError">
            <message>
              <![CDATA[expected [$2.998] but found [$2.99]]]>
            </message>
            <full-stacktrace>
              <![CDATA[java.lang.AssertionError: expected [$2.998] but found [$2.99]
at org.testng.Assert.fail(Assert.java:111)
at org.testng.Assert.failNotEquals(Assert.java:1578)
at org.testng.Assert.assertEqualsImpl(Assert.java:150)
at org.testng.Assert.assertEquals(Assert.java:132)
at org.testng.Assert.assertEquals(Assert.java:656)
at org.testng.Assert.assertEquals(Assert.java:666)
at com.testCases.PaginationTests.getPriceofProduct(PaginationTests.java:19)
at java.base/jdk.internal.reflect.NativeMethodAccessorImpl.invoke0(Native Method)
at java.base/jdk.internal.reflect.NativeMethodAccessorImpl.invoke(NativeMethodAccessorImpl.java:77)
at java.base/jdk.internal.reflect.DelegatingMethodAccessorImpl.invoke(DelegatingMethodAccessorImpl.java:43)
at java.base/java.lang.reflect.Method.invoke(Method.java:568)
at org.testng.internal.invokers.MethodInvocationHelper.invokeMethod(MethodInvocationHelper.java:141)
at org.testng.internal.invokers.TestInvoker.invokeMethod(TestInvoker.java:686)
at org.testng.internal.invokers.TestInvoker.invokeTestMethod(TestInvoker.java:230)
at org.testng.internal.invokers.MethodRunner.runInSequence(MethodRunner.java:63)
at org.testng.internal.invokers.TestInvoker$MethodInvocationAgent.invoke(TestInvoker.java:992)
at org.testng.internal.invokers.TestInvoker.invokeTestMethods(TestInvoker.java:203)
at org.testng.internal.invokers.TestMethodWorker.invokeTestMethods(TestMethodWorker.java:154)
at org.testng.internal.invokers.TestMethodWorker.run(TestMethodWorker.java:134)
at java.base/java.util.concurrent.Executors$RunnableAdapter.call(Executors.java:539)
at java.base/java.util.concurrent.FutureTask.run(FutureTask.java:264)
at org.testng.internal.thread.graph.TestNGFutureTask.run(TestNGFutureTask.java:22)
at java.base/java.util.concurrent.ThreadPoolExecutor.runWorker(ThreadPoolExecutor.java:1136)
at java.base/java.util.concurrent.ThreadPoolExecutor$Worker.run(ThreadPoolExecutor.java:635)
at java.base/java.lang.Thread.run(Thread.java:840)
]]>
            </full-stacktrace>
          </exception> <!-- java.lang.AssertionError -->
          <reporter-output>
          </reporter-output>
        </test-method> <!-- getPriceofProduct -->
        <test-method is-config="true" signature="tearDown()[pri:0, instance:com.testCases.PaginationTests@45ac5f9b]" started-at="2025-01-26T12:57:10 IST" name="tearDown" finished-at="2025-01-26T12:57:11 IST" duration-ms="154" status="PASS">
          <reporter-output>
          </reporter-output>
        </test-method> <!-- tearDown -->
      </class> <!-- com.testCases.PaginationTests -->
      <class name="com.testCases.AutomationBlogSpot">
        <test-method signature="firstTestCase(java.util.HashMap)[pri:0, instance:com.testCases.AutomationBlogSpot@1c39680d]" started-at="2025-01-26T12:56:54 IST" name="firstTestCase" data-provider="fillingDetails" finished-at="2025-01-26T12:57:00 IST" duration-ms="6267" status="PASS">
          <params>
            <param index="0">
              <value>
                <![CDATA[{name=Anuj, number=8978978934, email=anujshrivastava.222}]]>
              </value>
            </param>
          </params>
          <reporter-output>
          </reporter-output>
        </test-method> <!-- firstTestCase -->
        <test-method is-config="true" signature="tearDown()[pri:0, instance:com.testCases.AutomationBlogSpot@1c39680d]" started-at="2025-01-26T12:57:01 IST" name="tearDown" finished-at="2025-01-26T12:57:01 IST" duration-ms="172" status="PASS">
          <reporter-output>
          </reporter-output>
        </test-method> <!-- tearDown -->
        <test-method signature="firstTestCase(java.util.HashMap)[pri:0, instance:com.testCases.AutomationBlogSpot@1c39680d]" started-at="2025-01-26T12:57:01 IST" name="firstTestCase" data-provider="fillingDetails" finished-at="2025-01-26T12:57:06 IST" duration-ms="5130" status="PASS">
          <params>
            <param index="0">
              <value>
                <![CDATA[{name=Ashu, number=3872850, email=ashushrivastava.222}]]>
              </value>
            </param>
          </params>
          <reporter-output>
          </reporter-output>
        </test-method> <!-- firstTestCase -->
        <test-method is-config="true" signature="tearDown()[pri:0, instance:com.testCases.AutomationBlogSpot@1c39680d]" started-at="2025-01-26T12:57:06 IST" name="tearDown" finished-at="2025-01-26T12:57:06 IST" duration-ms="147" status="PASS">
          <reporter-output>
          </reporter-output>
        </test-method> <!-- tearDown -->
      </class> <!-- com.testCases.AutomationBlogSpot -->
    </test> <!-- Test -->
  </suite> <!-- Suite -->
</testng-results>
