<?xml version="1.0" encoding="UTF-8"?>
<testng-results ignored="0" total="3" passed="3" failed="0" skipped="0">
  <reporter-output>
  </reporter-output>
  <suite started-at="2025-01-27T19:23:22 IST" name="Default suite" finished-at="2025-01-27T19:23:45 IST" duration-ms="22995">
    <groups>
    </groups>
    <test started-at="2025-01-27T19:23:22 IST" name="Default test" finished-at="2025-01-27T19:23:45 IST" duration-ms="22995">
      <class name="com.testCases.PaginationTests">
        <test-method signature="checkProduct()[pri:0, instance:com.testCases.PaginationTests@3e8c3cb]" started-at="2025-01-27T19:23:22 IST" name="checkProduct" finished-at="2025-01-27T19:23:32 IST" duration-ms="10255" status="PASS">
          <reporter-output>
          </reporter-output>
        </test-method> <!-- checkProduct -->
        <test-method is-config="true" signature="tearDown()[pri:0, instance:com.testCases.PaginationTests@3e8c3cb]" started-at="2025-01-27T19:23:32 IST" name="tearDown" finished-at="2025-01-27T19:23:32 IST" duration-ms="183" status="PASS">
          <reporter-output>
          </reporter-output>
        </test-method> <!-- tearDown -->
        <test-method signature="getPriceofProduct()[pri:0, instance:com.testCases.PaginationTests@3e8c3cb]" started-at="2025-01-27T19:23:32 IST" name="getPriceofProduct" finished-at="2025-01-27T19:23:38 IST" duration-ms="5239" status="PASS">
          <reporter-output>
          </reporter-output>
        </test-method> <!-- getPriceofProduct -->
        <test-method is-config="true" signature="tearDown()[pri:0, instance:com.testCases.PaginationTests@3e8c3cb]" started-at="2025-01-27T19:23:38 IST" name="tearDown" finished-at="2025-01-27T19:23:38 IST" duration-ms="160" status="PASS">
          <reporter-output>
          </reporter-output>
        </test-method> <!-- tearDown -->
        <test-method signature="shadowDom()[pri:0, instance:com.testCases.PaginationTests@3e8c3cb]" started-at="2025-01-27T19:23:38 IST" name="shadowDom" finished-at="2025-01-27T19:23:45 IST" duration-ms="6973" status="PASS">
          <reporter-output>
          </reporter-output>
        </test-method> <!-- shadowDom -->
        <test-method is-config="true" signature="tearDown()[pri:0, instance:com.testCases.PaginationTests@3e8c3cb]" started-at="2025-01-27T19:23:45 IST" name="tearDown" finished-at="2025-01-27T19:23:45 IST" duration-ms="141" status="PASS">
          <reporter-output>
          </reporter-output>
        </test-method> <!-- tearDown -->
      </class> <!-- com.testCases.PaginationTests -->
    </test> <!-- Default test -->
  </suite> <!-- Default suite -->
</testng-results>
